#
# A fatal error has been detected by the Java Runtime Environment:
#
#  EXCEPTION_ACCESS_VIOLATION (0xc0000005) at pc=0x0000000029e41066, pid=30840, tid=0x0000000000008b1c
#
# JRE version: Java(TM) SE Runtime Environment (8.0_251-b08) (build 1.8.0_251-b08)
# Java VM: Java HotSpot(TM) 64-Bit Server VM (25.251-b08 mixed mode windows-amd64 compressed oops)
# Problematic frame:
# C  [OpenAL64.dll+0x11066]
#
# Failed to write core dump. Minidumps are not enabled by default on client versions of Windows
#
# If you would like to submit a bug report, please visit:
#   http://bugreport.java.com/bugreport/crash.jsp
# The crash happened outside the Java Virtual Machine in native code.
# See problematic frame for where to report the bug.
#

---------------  T H R E A D  ---------------

Current thread (0x0000000019d4d800):  JavaThread "Thread-6" [_thread_in_native, id=35612, stack(0x000000002a000000,0x000000002a100000)]

siginfo: ExceptionCode=0xc0000005, reading address 0x0000000019dc6004

Registers:
RAX=0x0000000000000001, RBX=0x000000002a3b0090, RCX=0x0000000019dc6008, RDX=0x0000000019dc6004
RSP=0x000000002a0fe9e0, RBP=0x00000000000000ff, RSI=0x0000000019dbc9fc, RDI=0x0000000000000000
R8 =0x0000000000002582, R9 =0x0000000019dbc9fc, R10=0x0000000002fe8c3b, R11=0x00000000683dd040
R12=0x0000000000000001, R13=0x0000000027c20a88, R14=0x000000002a0feb78, R15=0x0000000019d4d800
RIP=0x0000000029e41066, EFLAGS=0x0000000000010202

Top of Stack: (sp=0x000000002a0fe9e0)
0x000000002a0fe9e0:   0000000000000000 000000006827e11b
0x000000002a0fe9f0:   0000000019d4d800 0000000019d4d800
0x000000002a0fea00:   0000000027c20a88 0000000000000000
0x000000002a0fea10:   0000000019d4d800 0000000019dbb930
0x000000002a0fea20:   0000000027c20a88 000000002a0feb78
0x000000002a0fea30:   000000001982b950 000000006826c4a6
0x000000002a0fea40:   000000002a0ff1e8 0000000017b3d060
0x000000002a0fea50:   0000000019d4d800 000000002a0feb78
0x000000002a0fea60:   0000000027c20a88 0000000000000000
0x000000002a0fea70:   0000000019dbc9fc 00000000d33c5a80
0x000000002a0fea80:   000000002a0feb40 0000000029e4248f
0x000000002a0fea90:   000000002a3b0090 000000002a3b0090
0x000000002a0feaa0:   000000000000ac44 0000000000000001
0x000000002a0feab0:   0000000000000010 0000000002fe8c67
0x000000002a0feac0:   0000000027c20a88 0000000002fe899d
0x000000002a0fead0:   0000000019d4d800 0000000027c20a88 

Instructions: (pc=0x0000000029e41066)
0x0000000029e41046:   41 2b ec 81 3a 03 00 02 00 75 09 8b 01 89 84 24
0x0000000029e41056:   c8 00 00 00 49 83 c0 02 48 83 c1 08 4a 8d 14 86
0x0000000029e41066:   39 3a 75 af 4c 8d 84 24 c0 00 00 00 48 8d 15 d7
0x0000000029e41076:   2b 03 00 33 c9 e8 58 5f 00 00 b8 40 1f 00 00 4c 


Register to memory mapping:

RAX=0x0000000000000001 is an unknown value
RBX=0x000000002a3b0090 is an unknown value
RCX=0x0000000019dc6008 is an unknown value
RDX=0x0000000019dc6004 is an unknown value
RSP=0x000000002a0fe9e0 is pointing into the stack for thread: 0x0000000019d4d800
RBP=0x00000000000000ff is an unknown value
RSI=0x0000000019dbc9fc is an unknown value
RDI=0x0000000000000000 is an unknown value
R8 =0x0000000000002582 is an unknown value
R9 =0x0000000019dbc9fc is an unknown value
R10=0x0000000002fe8c3b is at code_begin+891 in an Interpreter codelet
method entry point (kind = native)  [0x0000000002fe88c0, 0x0000000002fe9280]  2496 bytes
R11=0x00000000683dd040 is an unknown value
R12=0x0000000000000001 is an unknown value
R13={method} {0x0000000027c20a90} 'nalcCreateContext' '(JJ)J' in 'org/lwjgl/openal/ALC10'
R14=0x000000002a0feb78 is pointing into the stack for thread: 0x0000000019d4d800
R15=0x0000000019d4d800 is a thread


Stack: [0x000000002a000000,0x000000002a100000],  sp=0x000000002a0fe9e0,  free space=1018k
Native frames: (J=compiled Java code, j=interpreted, Vv=VM code, C=native code)
C  [OpenAL64.dll+0x11066]
C  [OpenAL64.dll+0x1248f]
C  0x0000000002fe8c67

Java frames: (J=compiled Java code, j=interpreted, Vv=VM code)
j  org.lwjgl.openal.ALC10.nalcCreateContext(JJ)J+0
j  org.lwjgl.openal.ALC10.alcCreateContext(Lorg/lwjgl/openal/ALCdevice;Ljava/nio/IntBuffer;)Lorg/lwjgl/openal/ALCcontext;+8
j  org.lwjgl.openal.AL.init(Ljava/lang/String;IIZZ)V+69
j  org.lwjgl.openal.AL.create(Ljava/lang/String;IIZZ)V+246
j  org.lwjgl.openal.AL.create(Ljava/lang/String;IIZ)V+5
j  org.lwjgl.openal.AL.create()V+6
j  paulscode.sound.libraries.LibraryLWJGLOpenAL.init()V+2
j  paulscode.sound.SoundSystem.CommandNewLibrary(Ljava/lang/Class;)V+260
j  paulscode.sound.SoundSystem.CommandQueue(Lpaulscode/sound/CommandObject;)Z+1206
j  paulscode.sound.CommandThread.run()V+51
v  ~StubRoutines::call_stub

---------------  P R O C E S S  ---------------

Java Threads: ( => current thread )
  0x0000000019f2d800 JavaThread "Thread-7" [_thread_blocked, id=13860, stack(0x000000002a100000,0x000000002a200000)]
=>0x0000000019d4d800 JavaThread "Thread-6" [_thread_in_native, id=35612, stack(0x000000002a000000,0x000000002a100000)]
  0x0000000019e31800 JavaThread "Sound Library Loader" [_thread_blocked, id=33276, stack(0x0000000029f00000,0x000000002a000000)]
  0x000000001b1eb000 JavaThread "Java2D Disposer" daemon [_thread_blocked, id=28888, stack(0x000000001c810000,0x000000001c910000)]
  0x000000001cd49800 JavaThread "Timer hack thread" daemon [_thread_blocked, id=7524, stack(0x000000001c2d0000,0x000000001c3d0000)]
  0x000000001ba5a800 JavaThread "Snooper Timer" daemon [_thread_blocked, id=19312, stack(0x000000001c3d0000,0x000000001c4d0000)]
  0x0000000019a0b800 JavaThread "Snooper Timer" daemon [_thread_blocked, id=38500, stack(0x000000001bfb0000,0x000000001c0b0000)]
  0x000000001796a800 JavaThread "Service Thread" daemon [_thread_blocked, id=21812, stack(0x00000000186d0000,0x00000000187d0000)]
  0x00000000178da000 JavaThread "C1 CompilerThread3" daemon [_thread_blocked, id=13912, stack(0x00000000185d0000,0x00000000186d0000)]
  0x00000000178d9800 JavaThread "C2 CompilerThread2" daemon [_thread_blocked, id=13692, stack(0x00000000184d0000,0x00000000185d0000)]
  0x00000000178cf800 JavaThread "C2 CompilerThread1" daemon [_thread_in_native, id=22304, stack(0x00000000183d0000,0x00000000184d0000)]
  0x00000000178cd800 JavaThread "C2 CompilerThread0" daemon [_thread_blocked, id=19756, stack(0x00000000182d0000,0x00000000183d0000)]
  0x00000000178ca000 JavaThread "Attach Listener" daemon [_thread_blocked, id=30132, stack(0x00000000181d0000,0x00000000182d0000)]
  0x00000000178c9000 JavaThread "Signal Dispatcher" daemon [_thread_blocked, id=26252, stack(0x00000000180d0000,0x00000000181d0000)]
  0x00000000178c4000 JavaThread "Surrogate Locker Thread (Concurrent GC)" daemon [_thread_blocked, id=6644, stack(0x0000000017fd0000,0x00000000180d0000)]
  0x00000000178b5800 JavaThread "Finalizer" daemon [_thread_blocked, id=21676, stack(0x0000000017dd0000,0x0000000017ed0000)]
  0x0000000016fbb800 JavaThread "Reference Handler" daemon [_thread_blocked, id=30644, stack(0x0000000017cd0000,0x0000000017dd0000)]
  0x0000000002ed4000 JavaThread "Client thread" [_thread_in_native, id=148, stack(0x0000000002dd0000,0x0000000002ed0000)]

Other Threads:
  0x0000000016fb4000 VMThread [stack: 0x0000000017bd0000,0x0000000017cd0000] [id=2544]
  0x000000001798d800 WatcherThread [stack: 0x00000000187d0000,0x00000000188d0000] [id=8204]

VM state:not at safepoint (normal execution)

VM Mutex/Monitor currently owned by a thread: None

heap address: 0x00000000c0000000, size: 1024 MB, Compressed Oops mode: 32-bit
Narrow klass base: 0x0000000000000000, Narrow klass shift: 3
Compressed class space size: 1073741824 Address: 0x0000000100000000

Heap:
 par new generation   total 314560K, used 221605K [0x00000000c0000000, 0x00000000d5550000, 0x00000000d5550000)
  eden space 279616K,  67% used [0x00000000c0000000, 0x00000000cb72c870, 0x00000000d1110000)
  from space 34944K,  97% used [0x00000000d3330000, 0x00000000d546cb90, 0x00000000d5550000)
  to   space 34944K,   0% used [0x00000000d1110000, 0x00000000d1110000, 0x00000000d3330000)
 concurrent mark-sweep generation total 699072K, used 0K [0x00000000d5550000, 0x0000000100000000, 0x0000000100000000)
 Metaspace       used 30196K, capacity 30327K, committed 30516K, reserved 1075200K
  class space    used 4032K, capacity 4100K, committed 4160K, reserved 1048576K

Card table byte_map: [0x0000000012b90000,0x0000000012da0000] byte_map_base: 0x0000000012590000

Marking Bits: (CMSBitMap*) 0x0000000002f5dce8
 Bits: [0x0000000013780000, 0x000000001422ac00)

Mod Union Table: (CMSBitMap*) 0x0000000002f5dda8
 Bits: [0x0000000001490000, 0x00000000014baab0)

Polling page: 0x00000000013e0000

CodeCache: size=245760Kb used=8181Kb max_used=8182Kb free=237578Kb
 bounds [0x0000000002fd0000, 0x00000000037e0000, 0x0000000011fd0000]
 total_blobs=2921 nmethods=2310 adapters=521
 compilation: enabled

Compilation events (10 events):
Event: 4.639 Thread 0x00000000178da000 nmethod 2382 0x00000000037cc3d0 code [0x00000000037cc520, 0x00000000037cc6f0]
Event: 4.639 Thread 0x00000000178da000 2383       3       net.minecraft.client.audio.SoundEventAccessorComposite::addSoundToEventPool (12 bytes)
Event: 4.639 Thread 0x00000000178da000 nmethod 2383 0x00000000037cc790 code [0x00000000037cc900, 0x00000000037ccb28]
Event: 4.672 Thread 0x00000000178cf800 2384       4       java.text.SimpleDateFormat::subFormat (1260 bytes)
Event: 4.675 Thread 0x00000000178da000 2385       3       java.lang.System::getProperty (25 bytes)
Event: 4.676 Thread 0x00000000178da000 nmethod 2385 0x00000000037cdb90 code [0x00000000037cdd60, 0x00000000037ce3c8]
Event: 4.687 Thread 0x00000000178d9800 2386   !   4       java.io.FileInputStream::close (62 bytes)
Event: 4.688 Thread 0x00000000178cd800 2387       4       java.io.File::exists (43 bytes)
Event: 4.690 Thread 0x00000000178cd800 nmethod 2387 0x00000000037d4b50 code [0x00000000037d4ca0, 0x00000000037d4ea8]
Event: 4.690 Thread 0x00000000178d9800 nmethod 2386 0x00000000037d0950 code [0x00000000037d0aa0, 0x00000000037d1188]

GC Heap History (2 events):
Event: 3.730 GC heap before
{Heap before GC invocations=0 (full 0):
 par new generation   total 314560K, used 279616K [0x00000000c0000000, 0x00000000d5550000, 0x00000000d5550000)
  eden space 279616K, 100% used [0x00000000c0000000, 0x00000000d1110000, 0x00000000d1110000)
  from space 34944K,   0% used [0x00000000d1110000, 0x00000000d1110000, 0x00000000d3330000)
  to   space 34944K,   0% used [0x00000000d3330000, 0x00000000d3330000, 0x00000000d5550000)
 concurrent mark-sweep generation total 699072K, used 0K [0x00000000d5550000, 0x0000000100000000, 0x0000000100000000)
 Metaspace       used 26523K, capacity 26666K, committed 26864K, reserved 1073152K
  class space    used 3743K, capacity 3809K, committed 3884K, reserved 1048576K
Event: 3.748 GC heap after
Heap after GC invocations=1 (full 0):
 par new generation   total 314560K, used 34034K [0x00000000c0000000, 0x00000000d5550000, 0x00000000d5550000)
  eden space 279616K,   0% used [0x00000000c0000000, 0x00000000c0000000, 0x00000000d1110000)
  from space 34944K,  97% used [0x00000000d3330000, 0x00000000d546cb90, 0x00000000d5550000)
  to   space 34944K,   0% used [0x00000000d1110000, 0x00000000d1110000, 0x00000000d3330000)
 concurrent mark-sweep generation total 699072K, used 0K [0x00000000d5550000, 0x0000000100000000, 0x0000000100000000)
 Metaspace       used 26523K, capacity 26666K, committed 26864K, reserved 1073152K
  class space    used 3743K, capacity 3809K, committed 3884K, reserved 1048576K
}

Deoptimization events (10 events):
Event: 4.359 Thread 0x0000000002ed4000 Uncommon trap: reason=class_check action=maybe_recompile pc=0x00000000034cea68 method=com.google.gson.JsonPrimitive.isPrimitiveOrString(Ljava/lang/Object;)Z @ 1
Event: 4.359 Thread 0x0000000002ed4000 Uncommon trap: reason=class_check action=maybe_recompile pc=0x00000000034cea68 method=com.google.gson.JsonPrimitive.isPrimitiveOrString(Ljava/lang/Object;)Z @ 1
Event: 4.359 Thread 0x0000000002ed4000 Uncommon trap: reason=unstable_if action=reinterpret pc=0x00000000033d5308 method=com.google.gson.stream.JsonReader.nextQuotedValue(C)Ljava/lang/String; @ 81
Event: 4.359 Thread 0x0000000002ed4000 Uncommon trap: reason=class_check action=maybe_recompile pc=0x00000000034cea68 method=com.google.gson.JsonPrimitive.isPrimitiveOrString(Ljava/lang/Object;)Z @ 1
Event: 4.359 Thread 0x0000000002ed4000 Uncommon trap: reason=class_check action=maybe_recompile pc=0x00000000034cea68 method=com.google.gson.JsonPrimitive.isPrimitiveOrString(Ljava/lang/Object;)Z @ 1
Event: 4.359 Thread 0x0000000002ed4000 Uncommon trap: reason=class_check action=maybe_recompile pc=0x00000000034c3438 method=com.google.gson.JsonPrimitive.isPrimitiveOrString(Ljava/lang/Object;)Z @ 1
Event: 4.462 Thread 0x0000000002ed4000 Uncommon trap: reason=unstable_if action=reinterpret pc=0x00000000036a14ec method=java.util.regex.Pattern$BmpCharProperty.match(Ljava/util/regex/Matcher;ILjava/lang/CharSequence;)Z @ 5
Event: 4.464 Thread 0x0000000002ed4000 Uncommon trap: reason=unstable_if action=reinterpret pc=0x000000000347ddd0 method=com.google.gson.internal.LinkedTreeMap.find(Ljava/lang/Object;Z)Lcom/google/gson/internal/LinkedTreeMap$Node; @ 114
Event: 4.468 Thread 0x0000000002ed4000 Uncommon trap: reason=null_check action=make_not_entrant pc=0x000000000322efa4 method=com.google.gson.JsonPrimitive.isPrimitiveOrString(Ljava/lang/Object;)Z @ 39
Event: 4.468 Thread 0x0000000002ed4000 Uncommon trap: reason=null_check action=make_not_entrant pc=0x0000000003251974 method=com.google.gson.JsonPrimitive.isPrimitiveOrString(Ljava/lang/Object;)Z @ 39

Classes redefined (0 events):
No events

Internal exceptions (10 events):
Event: 4.014 Thread 0x0000000002ed4000 Implicit null exception at 0x00000000032473d5 to 0x00000000032475ad
Event: 4.318 Thread 0x0000000002ed4000 Implicit null exception at 0x00000000035cefac to 0x00000000035cefe2
Event: 4.320 Thread 0x0000000002ed4000 Exception <a 'java/lang/UnsatisfiedLinkError': The specified procedure could not be found.
> (0x00000000c8db6648) thrown at [C:\jenkins\workspace\8-2-build-windows-amd64-cygwin\jdk8u251\737\hotspot\src\share\vm\prims\jni.cpp, line 736]
Event: 4.667 Thread 0x0000000019d4d800 Exception <a 'java/lang/InterruptedException': sleep interrupted> (0x00000000caf25650) thrown at [C:\jenkins\workspace\8-2-build-windows-amd64-cygwin\jdk8u251\737\hotspot\src\share\vm\prims\jvm.cpp, line 3336]
Event: 4.675 Thread 0x0000000019d4d800 Exception <a 'java/security/PrivilegedActionException'> (0x00000000caf85aa0) thrown at [C:\jenkins\workspace\8-2-build-windows-amd64-cygwin\jdk8u251\737\hotspot\src\share\vm\prims\jvm.cpp, line 1502]
Event: 4.675 Thread 0x0000000019d4d800 Exception <a 'java/security/PrivilegedActionException'> (0x00000000caf875b0) thrown at [C:\jenkins\workspace\8-2-build-windows-amd64-cygwin\jdk8u251\737\hotspot\src\share\vm\prims\jvm.cpp, line 1502]
Event: 4.675 Thread 0x0000000019d4d800 Exception <a 'java/security/PrivilegedActionException'> (0x00000000caf886d0) thrown at [C:\jenkins\workspace\8-2-build-windows-amd64-cygwin\jdk8u251\737\hotspot\src\share\vm\prims\jvm.cpp, line 1502]
Event: 4.675 Thread 0x0000000019d4d800 Exception <a 'java/security/PrivilegedActionException'> (0x00000000caf8d7f0) thrown at [C:\jenkins\workspace\8-2-build-windows-amd64-cygwin\jdk8u251\737\hotspot\src\share\vm\prims\jvm.cpp, line 1502]
Event: 4.675 Thread 0x0000000019d4d800 Exception <a 'java/security/PrivilegedActionException'> (0x00000000caf8e448) thrown at [C:\jenkins\workspace\8-2-build-windows-amd64-cygwin\jdk8u251\737\hotspot\src\share\vm\prims\jvm.cpp, line 1502]
Event: 4.675 Thread 0x0000000019d4d800 Exception <a 'java/security/PrivilegedActionException'> (0x00000000caf8f070) thrown at [C:\jenkins\workspace\8-2-build-windows-amd64-cygwin\jdk8u251\737\hotspot\src\share\vm\prims\jvm.cpp, line 1502]

Events (10 events):
Event: 4.678 loading class org/lwjgl/openal/ALC10
Event: 4.678 loading class org/lwjgl/openal/ALC10 done
Event: 4.688 loading class org/lwjgl/openal/ALCdevice
Event: 4.688 loading class org/lwjgl/openal/ALCdevice done
Event: 4.688 loading class org/lwjgl/openal/ALCcontext
Event: 4.688 loading class org/lwjgl/openal/ALCcontext done
Event: 4.688 loading class org/lwjgl/openal/Util
Event: 4.688 loading class org/lwjgl/openal/Util done
Event: 4.689 loading class org/lwjgl/openal/OpenALException
Event: 4.689 loading class org/lwjgl/openal/OpenALException done


Dynamic libraries:
0x00007ff666550000 - 0x00007ff666587000 	C:\Program Files\Java\jre1.8.0_251\bin\javaw.exe
0x00007ffafe380000 - 0x00007ffafe570000 	C:\WINDOWS\SYSTEM32\ntdll.dll
0x00007ffafc6a0000 - 0x00007ffafc752000 	C:\WINDOWS\System32\KERNEL32.DLL
0x00007ffafc010000 - 0x00007ffafc2b4000 	C:\WINDOWS\System32\KERNELBASE.dll
0x00007ffafc5f0000 - 0x00007ffafc693000 	C:\WINDOWS\System32\ADVAPI32.dll
0x00007ffafdeb0000 - 0x00007ffafdf4e000 	C:\WINDOWS\System32\msvcrt.dll
0x00007ffafc4b0000 - 0x00007ffafc547000 	C:\WINDOWS\System32\sechost.dll
0x00007ffafc860000 - 0x00007ffafc980000 	C:\WINDOWS\System32\RPCRT4.dll
0x00007ffafdc30000 - 0x00007ffafddc4000 	C:\WINDOWS\System32\USER32.dll
0x00007ffafb460000 - 0x00007ffafb481000 	C:\WINDOWS\System32\win32u.dll
0x00007ffafc550000 - 0x00007ffafc576000 	C:\WINDOWS\System32\GDI32.dll
0x00007ffafbcc0000 - 0x00007ffafbe55000 	C:\WINDOWS\System32\gdi32full.dll
0x00007ffafc390000 - 0x00007ffafc42e000 	C:\WINDOWS\System32\msvcp_win.dll
0x00007ffafbf10000 - 0x00007ffafc00a000 	C:\WINDOWS\System32\ucrtbase.dll
0x00007ffadc250000 - 0x00007ffadc4d4000 	C:\WINDOWS\WinSxS\amd64_microsoft.windows.common-controls_6595b64144ccf1df_6.0.18362.900_none_e6beb9d913147d17\COMCTL32.dll
0x00007ffafc980000 - 0x00007ffafccb5000 	C:\WINDOWS\System32\combase.dll
0x00007ffafc310000 - 0x00007ffafc390000 	C:\WINDOWS\System32\bcryptPrimitives.dll
0x00007ffafe160000 - 0x00007ffafe18e000 	C:\WINDOWS\System32\IMM32.DLL
0x0000000068a60000 - 0x0000000068b32000 	C:\Program Files\Java\jre1.8.0_251\bin\msvcr100.dll
0x00000000681b0000 - 0x0000000068a5b000 	C:\Program Files\Java\jre1.8.0_251\bin\server\jvm.dll
0x00007ffafc580000 - 0x00007ffafc588000 	C:\WINDOWS\System32\PSAPI.DLL
0x00007ffae31b0000 - 0x00007ffae31b9000 	C:\WINDOWS\SYSTEM32\WSOCK32.dll
0x00007ffaf8d20000 - 0x00007ffaf8d44000 	C:\WINDOWS\SYSTEM32\WINMM.dll
0x00007ffae31a0000 - 0x00007ffae31aa000 	C:\WINDOWS\SYSTEM32\VERSION.dll
0x00007ffafc7d0000 - 0x00007ffafc83f000 	C:\WINDOWS\System32\WS2_32.dll
0x00007ffaf8cf0000 - 0x00007ffaf8d1d000 	C:\WINDOWS\SYSTEM32\winmmbase.dll
0x00007ffafc2c0000 - 0x00007ffafc30a000 	C:\WINDOWS\System32\cfgmgr32.dll
0x00007ffaf8f40000 - 0x00007ffaf8f4f000 	C:\Program Files\Java\jre1.8.0_251\bin\verify.dll
0x00007ffae5d70000 - 0x00007ffae5d99000 	C:\Program Files\Java\jre1.8.0_251\bin\java.dll
0x00007ffaf37c0000 - 0x00007ffaf37d6000 	C:\Program Files\Java\jre1.8.0_251\bin\zip.dll
0x00007ffafd470000 - 0x00007ffafdb56000 	C:\WINDOWS\System32\SHELL32.dll
0x00007ffafe0b0000 - 0x00007ffafe159000 	C:\WINDOWS\System32\shcore.dll
0x00007ffafb490000 - 0x00007ffafbc10000 	C:\WINDOWS\System32\windows.storage.dll
0x00007ffafb2e0000 - 0x00007ffafb303000 	C:\WINDOWS\System32\profapi.dll
0x00007ffafb270000 - 0x00007ffafb2ba000 	C:\WINDOWS\System32\powrprof.dll
0x00007ffafb240000 - 0x00007ffafb250000 	C:\WINDOWS\System32\UMPDC.dll
0x00007ffafde50000 - 0x00007ffafdea2000 	C:\WINDOWS\System32\shlwapi.dll
0x00007ffafb250000 - 0x00007ffafb261000 	C:\WINDOWS\System32\kernel.appcore.dll
0x00007ffafbca0000 - 0x00007ffafbcb7000 	C:\WINDOWS\System32\cryptsp.dll
0x00007ffaf7820000 - 0x00007ffaf782d000 	C:\Program Files\Java\jre1.8.0_251\bin\management.dll
0x00007ffae5e90000 - 0x00007ffae5eaa000 	C:\Program Files\Java\jre1.8.0_251\bin\net.dll
0x00007ffafaa50000 - 0x00007ffafaab7000 	C:\WINDOWS\system32\mswsock.dll
0x00007ffae5e30000 - 0x00007ffae5e42000 	C:\Program Files\Java\jre1.8.0_251\bin\nio.dll
0x00007ffae2240000 - 0x00007ffae2256000 	C:\WINDOWS\system32\napinsp.dll
0x00007ffada550000 - 0x00007ffada56a000 	C:\WINDOWS\system32\pnrpnsp.dll
0x00007ffafa7a0000 - 0x00007ffafa86b000 	C:\WINDOWS\SYSTEM32\DNSAPI.dll
0x00007ffafc7c0000 - 0x00007ffafc7c8000 	C:\WINDOWS\System32\NSI.dll
0x00007ffafa760000 - 0x00007ffafa79a000 	C:\WINDOWS\SYSTEM32\IPHLPAPI.DLL
0x00007ffaf3b10000 - 0x00007ffaf3b1e000 	C:\WINDOWS\System32\winrnr.dll
0x00007ffaf3e70000 - 0x00007ffaf3e8c000 	C:\WINDOWS\system32\NLAapi.dll
0x00007ffaf6d80000 - 0x00007ffaf6d95000 	C:\WINDOWS\system32\wshbth.dll
0x00007ffaf1ae0000 - 0x00007ffaf1b57000 	C:\WINDOWS\System32\fwpuclnt.dll
0x00007ffafbc70000 - 0x00007ffafbc96000 	C:\WINDOWS\System32\bcrypt.dll
0x00007ffaf40f0000 - 0x00007ffaf40fa000 	C:\Windows\System32\rasadhlp.dll
0x0000000180000000 - 0x0000000180053000 	C:\Users\Zoran\Desktop\MSC Disseration\Books and archival\STAGGER\StaggerClientSrc\jars\versions\1.8.8\1.8.8-natives\lwjgl64.dll
0x00007ffae50a0000 - 0x00007ffae51f6000 	C:\WINDOWS\SYSTEM32\OPENGL32.dll
0x00007ffaf3780000 - 0x00007ffaf37ac000 	C:\WINDOWS\SYSTEM32\GLU32.dll
0x00007ffaf9e90000 - 0x00007ffaf9eb0000 	C:\WINDOWS\SYSTEM32\dxcore.dll
0x00007ffafa5c0000 - 0x00007ffafa5f3000 	C:\WINDOWS\system32\rsaenh.dll
0x00007ffafb160000 - 0x00007ffafb185000 	C:\WINDOWS\SYSTEM32\USERENV.dll
0x00007ffafac20000 - 0x00007ffafac2c000 	C:\WINDOWS\SYSTEM32\CRYPTBASE.dll
0x00007ffaf38e0000 - 0x00007ffaf38f6000 	C:\WINDOWS\SYSTEM32\dhcpcsvc6.DLL
0x00007ffaf38c0000 - 0x00007ffaf38dc000 	C:\WINDOWS\SYSTEM32\dhcpcsvc.DLL
0x00007ffab5c60000 - 0x00007ffab5dfa000 	C:\Program Files\Java\jre1.8.0_251\bin\awt.dll
0x00007ffafdb60000 - 0x00007ffafdc25000 	C:\WINDOWS\System32\OLEAUT32.dll
0x00007ffaf8f50000 - 0x00007ffaf8fdf000 	C:\WINDOWS\SYSTEM32\apphelp.dll
0x00007ffaf5d20000 - 0x00007ffaf5dce000 	C:\WINDOWS\SYSTEM32\mscms.dll
0x00007ffaf5c90000 - 0x00007ffaf5ca7000 	C:\WINDOWS\SYSTEM32\ColorAdapterClient.dll
0x00007ffafd210000 - 0x00007ffafd2b2000 	C:\WINDOWS\System32\clbcatq.dll
0x00007ffaf2c10000 - 0x00007ffaf2c2a000 	C:\Windows\System32\Windows.Internal.Graphics.Display.DisplayColorManagement.dll
0x00007ffaf9130000 - 0x00007ffaf91c9000 	C:\WINDOWS\system32\uxtheme.dll
0x00007ffafe200000 - 0x00007ffafe335000 	C:\WINDOWS\System32\MSCTF.dll
0x00007ffae5a00000 - 0x00007ffae5a9e000 	C:\WINDOWS\System32\TextInputFramework.dll
0x00007ffaf6610000 - 0x00007ffaf693a000 	C:\WINDOWS\System32\CoreUIComponents.dll
0x00007ffaf88a0000 - 0x00007ffaf8974000 	C:\WINDOWS\System32\CoreMessaging.dll
0x00007ffaf6da0000 - 0x00007ffaf6ef3000 	C:\WINDOWS\SYSTEM32\wintypes.dll
0x00007ffafa280000 - 0x00007ffafa2b1000 	C:\WINDOWS\SYSTEM32\ntmarta.dll
0x00007ffae4d80000 - 0x00007ffae5026000 	C:\WINDOWS\System32\iertutil.dll
0x00007ffae68d0000 - 0x00007ffae6935000 	C:\WINDOWS\system32\Oleacc.dll
0x00007ffa82a60000 - 0x00007ffa8394e000 	C:\WINDOWS\System32\DriverStore\FileRepository\ki127968.inf_amd64_37fa78421dc8eefa\ig9icd64.dll
0x00007ffaf9f20000 - 0x00007ffafa00b000 	C:\WINDOWS\SYSTEM32\dxgi.dll
0x00007ffaf7890000 - 0x00007ffaf78a3000 	C:\WINDOWS\SYSTEM32\WTSAPI32.dll
0x00007ffaf9560000 - 0x00007ffaf958d000 	C:\WINDOWS\SYSTEM32\dwmapi.dll
0x00007ffacdf70000 - 0x00007ffacdfb3000 	C:\WINDOWS\SYSTEM32\icm32.dll
0x00007ffaee610000 - 0x00007ffaf03f0000 	C:\WINDOWS\System32\DriverStore\FileRepository\ki127968.inf_amd64_37fa78421dc8eefa\igc64.dll
0x0000000027c70000 - 0x0000000027ca8000 	C:\Users\Zoran\AppData\Local\Temp\jna\jna7041501910405411779.dll
0x0000000070a40000 - 0x0000000070adc000 	C:\Users\Zoran\Desktop\MSC Disseration\Books and archival\STAGGER\StaggerClientSrc\jars\versions\1.8.8\1.8.8-natives\avutil-ttv-51.dll
0x0000000065980000 - 0x00000000659d6000 	C:\Users\Zoran\Desktop\MSC Disseration\Books and archival\STAGGER\StaggerClientSrc\jars\versions\1.8.8\1.8.8-natives\swresample-ttv-0.dll
0x000000006eb80000 - 0x000000006ec50000 	C:\Users\Zoran\Desktop\MSC Disseration\Books and archival\STAGGER\StaggerClientSrc\jars\versions\1.8.8\1.8.8-natives\libmp3lame-ttv.dll
0x00007ffa816b0000 - 0x00007ffa82a54000 	C:\Users\Zoran\Desktop\MSC Disseration\Books and archival\STAGGER\StaggerClientSrc\jars\versions\1.8.8\1.8.8-natives\libmfxsw64.dll
0x00007ffab5aa0000 - 0x00007ffab5c0d000 	C:\Users\Zoran\Desktop\MSC Disseration\Books and archival\STAGGER\StaggerClientSrc\jars\versions\1.8.8\1.8.8-natives\twitchsdk.dll
0x00007ffafdf50000 - 0x00007ffafe0a7000 	C:\WINDOWS\System32\ole32.dll
0x00007ffae1c10000 - 0x00007ffae20e5000 	C:\WINDOWS\SYSTEM32\WININET.dll
0x0000000029e30000 - 0x0000000029e94000 	C:\Users\Zoran\Desktop\MSC Disseration\Books and archival\STAGGER\StaggerClientSrc\jars\versions\1.8.8\1.8.8-natives\OpenAL64.dll
0x00007ffaf4c30000 - 0x00007ffaf4ca2000 	C:\WINDOWS\System32\MMDevApi.dll
0x00007ffafafe0000 - 0x00007ffafb00a000 	C:\WINDOWS\System32\DEVOBJ.dll
0x00007ffac2b10000 - 0x00007ffac2ba9000 	C:\WINDOWS\SYSTEM32\dsound.dll
0x00007ffaf4cb0000 - 0x00007ffaf4e0d000 	C:\WINDOWS\SYSTEM32\AUDIOSES.DLL
0x00007ffaf9ad0000 - 0x00007ffaf9cc4000 	C:\WINDOWS\SYSTEM32\dbghelp.dll

VM Arguments:
jvm_args: -Xincgc -Xmx1024M -Xms1024M -Djava.library.path=C:\Users\Zoran\Desktop\MSC Disseration\Books and archival\STAGGER\StaggerClientSrc\jars\versions\1.8.8\1.8.8-natives -Dfile.encoding=Cp1252 
java_command: Start
java_class_path (initial): C:\Users\Zoran\Desktop\MSC Disseration\Books and archival\STAGGER\StaggerClientSrc\eclipse\Client\bin;C:\Users\Zoran\Desktop\MSC Disseration\Books and archival\STAGGER\StaggerClientSrc\jars\versions\1.8.8\1.8.8.jar;C:\Users\Zoran\Desktop\MSC Disseration\Books and archival\STAGGER\StaggerClientSrc\jars\libraries\oshi-project\oshi-core\1.1\oshi-core-1.1.jar;C:\Users\Zoran\Desktop\MSC Disseration\Books and archival\STAGGER\StaggerClientSrc\jars\libraries\net\java\dev\jna\jna\3.4.0\jna-3.4.0.jar;C:\Users\Zoran\Desktop\MSC Disseration\Books and archival\STAGGER\StaggerClientSrc\jars\libraries\net\java\dev\jna\platform\3.4.0\platform-3.4.0.jar;C:\Users\Zoran\Desktop\MSC Disseration\Books and archival\STAGGER\StaggerClientSrc\jars\libraries\com\ibm\icu\icu4j-core-mojang\51.2\icu4j-core-mojang-51.2.jar;C:\Users\Zoran\Desktop\MSC Disseration\Books and archival\STAGGER\StaggerClientSrc\jars\libraries\net\sf\jopt-simple\jopt-simple\4.6\jopt-simple-4.6.jar;C:\Users\Zoran\Desktop\MSC Disseration\Books and archival\STAGGER\StaggerClientSrc\jars\libraries\com\paulscode\codecjorbis\20101023\codecjorbis-20101023.jar;C:\Users\Zoran\Desktop\MSC Disseration\Books and archival\STAGGER\StaggerClientSrc\jars\libraries\com\paulscode\codecwav\20101023\codecwav-20101023.jar;C:\Users\Zoran\Desktop\MSC Disseration\Books and archival\STAGGER\StaggerClientSrc\jars\libraries\com\paulscode\libraryjavasound\20101123\libraryjavasound-20101123.jar;C:\Users\Zoran\Desktop\MSC Disseration\Books and archival\STAGGER\StaggerClientSrc\jars\libraries\com\paulscode\librarylwjglopenal\20100824\librarylwjglopenal-20100824.jar;C:\Users\Zoran\Desktop\MSC Disseration\Books and archival\STAGGER\StaggerClientSrc\jars\libraries\com\paulscode\soundsystem\20120107\soundsystem-20120107.jar;C:\Users\Zoran\Desktop\MSC Disseration\Books and archival\STAGGER\StaggerClientSrc\jars\libraries\io\netty\netty-all\4.0.23.Final\netty-all-4.0.23.Final.jar;C:\Users\Zoran\Desktop\MSC Disseration\Books an
Launcher Type: SUN_STANDARD

Environment Variables:
PATH=C:\Program Files (x86)\Common Files\Oracle\Java\javapath;C:\Program Files (x86)\Intel\iCLS Client\;C:\Program Files\Intel\iCLS Client\;C:\WINDOWS\system32;C:\WINDOWS;C:\WINDOWS\System32\Wbem;C:\WINDOWS\System32\WindowsPowerShell\v1.0\;C:\Program Files (x86)\Intel\Intel(R) Management Engine Components\DAL;C:\Program Files\Intel\Intel(R) Management Engine Components\DAL;C:\Program Files (x86)\Intel\Intel(R) Management Engine Components\IPT;C:\Program Files\Intel\Intel(R) Management Engine Components\IPT;C:\Program Files\Intel\WiFi\bin\;C:\Program Files\Common Files\Intel\WirelessCommon\;C:\WINDOWS\System32\OpenSSH\;C:\Program Files\Git\cmd;C:\ProgramData\chocolatey\bin;C:\Program Files\MATLAB\R2019b\bin;C:\Program Files\PuTTY\;C:\Users\Zoran\AppData\Local\Programs\Python\Python38\Scripts\;C:\Users\Zoran\AppData\Local\Programs\Python\Python38\;C:\Users\Zoran\AppData\Local\Microsoft\WindowsApps;C:\texlive\2019\bin\win32;C:\Users\Zoran\AppData\Local\Programs\Microsoft VS Code\bin
USERNAME=Zoran
OS=Windows_NT
PROCESSOR_IDENTIFIER=Intel64 Family 6 Model 142 Stepping 10, GenuineIntel



---------------  S Y S T E M  ---------------

OS: Windows 10.0 , 64 bit Build 18362 (10.0.18362.900)

CPU:total 8 (initial active 8) (4 cores per cpu, 2 threads per core) family 6 model 142 stepping 10, cmov, cx8, fxsr, mmx, sse, sse2, sse3, ssse3, sse4.1, sse4.2, popcnt, avx, avx2, aes, clmul, erms, 3dnowpref, lzcnt, ht, tsc, tscinvbit, bmi1, bmi2, adx

Memory: 4k page, physical 8230248k(1743248k free), swap 12293480k(2251864k free)

vm_info: Java HotSpot(TM) 64-Bit Server VM (25.251-b08) for windows-amd64 JRE (1.8.0_251-b08), built on Mar 12 2020 06:31:49 by "" with MS VC++ 10.0 (VS2010)

time: Mon Aug 24 12:52:55 2020
timezone: GMT Summer Time
elapsed time: 4 seconds (0d 0h 0m 4s)

